2026-03-05 14:18:38,326 - werkzeug - WARNING -  * Debugger is active!
2026-03-05 14:18:38,328 - werkzeug - INFO -  * Debugger PIN: 129-248-925
2026-03-05 14:18:40,355 - werkzeug - INFO -  * Detected change in 'C:\\Users\\fenxzepam\\Desktop\\kurs\\app.py', reloading
2026-03-05 14:18:40,552 - werkzeug - WARNING -  * Debugger is active!
2026-03-05 14:18:40,554 - werkzeug - INFO -  * Debugger PIN: 129-248-925
2026-03-05 14:18:45,609 - werkzeug - INFO -  * Detected change in 'C:\\Users\\fenxzepam\\Desktop\\kurs\\app.py', reloading
2026-03-05 14:18:45,856 - werkzeug - WARNING -  * Debugger is active!
2026-03-05 14:18:45,858 - werkzeug - INFO -  * Debugger PIN: 129-248-925
2026-03-05 14:18:46,883 - werkzeug - INFO -  * Detected change in 'C:\\Users\\fenxzepam\\Desktop\\kurs\\app.py', reloading
2026-03-05 14:18:47,088 - werkzeug - WARNING -  * Debugger is active!
2026-03-05 14:18:47,091 - werkzeug - INFO -  * Debugger PIN: 129-248-925
2026-03-05 14:18:49,129 - werkzeug - INFO -  * Detected change in 'C:\\Users\\fenxzepam\\Desktop\\kurs\\app.py', reloading
2026-03-05 14:18:49,334 - werkzeug - WARNING -  * Debugger is active!
2026-03-05 14:18:49,336 - werkzeug - INFO -  * Debugger PIN: 129-248-925
2026-03-05 14:18:56,420 - werkzeug - INFO -  * Detected change in 'C:\\Users\\fenxzepam\\Desktop\\kurs\\app.py', reloading
2026-03-05 14:18:56,611 - werkzeug - WARNING -  * Debugger is active!
2026-03-05 14:18:56,613 - werkzeug - INFO -  * Debugger PIN: 129-248-925
2026-03-05 14:18:57,635 - werkzeug - INFO -  * Detected change in 'C:\\Users\\fenxzepam\\Desktop\\kurs\\app.py', reloading
2026-03-05 14:18:57,838 - werkzeug - WARNING -  * Debugger is active!
2026-03-05 14:18:57,841 - werkzeug - INFO -  * Debugger PIN: 129-248-925
2026-03-05 14:19:00,883 - werkzeug - INFO -  * Detected change in 'C:\\Users\\fenxzepam\\Desktop\\kurs\\app.py', reloading
2026-03-05 14:19:01,077 - werkzeug - WARNING -  * Debugger is active!
2026-03-05 14:19:01,080 - werkzeug - INFO -  * Debugger PIN: 129-248-925
2026-03-05 14:19:03,114 - werkzeug - INFO -  * Detected change in 'C:\\Users\\fenxzepam\\Desktop\\kurs\\app.py', reloading
2026-03-05 14:19:03,310 - werkzeug - WARNING -  * Debugger is active!
2026-03-05 14:19:03,312 - werkzeug - INFO -  * Debugger PIN: 129-248-925
2026-03-05 14:19:05,335 - werkzeug - INFO -  * Detected change in 'C:\\Users\\fenxzepam\\Desktop\\kurs\\app.py', reloading
2026-03-05 14:19:05,539 - werkzeug - WARNING -  * Debugger is active!
2026-03-05 14:19:05,541 - werkzeug - INFO -  * Debugger PIN: 129-248-925
2026-03-05 14:19:09,596 - werkzeug - INFO -  * Detected change in 'C:\\Users\\fenxzepam\\Desktop\\kurs\\app.py', reloading
2026-03-05 14:19:09,797 - werkzeug - WARNING -  * Debugger is active!
2026-03-05 14:19:09,799 - werkzeug - INFO -  * Debugger PIN: 129-248-925
2026-03-05 14:19:16,873 - werkzeug - INFO -  * Detected change in 'C:\\Users\\fenxzepam\\Desktop\\kurs\\app.py', reloading
2026-03-05 14:19:17,060 - werkzeug - WARNING -  * Debugger is active!
2026-03-05 14:19:17,063 - werkzeug - INFO -  * Debugger PIN: 129-248-925
2026-03-05 14:19:20,098 - werkzeug - INFO -  * Detected change in 'C:\\Users\\fenxzepam\\Desktop\\kurs\\app.py', reloading
2026-03-05 14:19:20,295 - werkzeug - WARNING -  * Debugger is active!
2026-03-05 14:19:20,297 - werkzeug - INFO -  * Debugger PIN: 129-248-925
2026-03-05 14:19:30,420 - werkzeug - INFO -  * Detected change in 'C:\\Users\\fenxzepam\\Desktop\\kurs\\app.py', reloading
2026-03-05 14:19:32,845 - werkzeug - WARNING -  * Debugger is active!
2026-03-05 14:19:32,847 - werkzeug - INFO -  * Debugger PIN: 129-248-925
2026-03-05 14:19:33,862 - werkzeug - INFO -  * Detected change in 'C:\\Users\\fenxzepam\\Desktop\\kurs\\app.py', reloading
2026-03-05 14:19:34,062 - werkzeug - WARNING -  * Debugger is active!
2026-03-05 14:19:34,065 - werkzeug - INFO -  * Debugger PIN: 129-248-925
2026-03-05 14:19:36,101 - werkzeug - INFO -  * Detected change in 'C:\\Users\\fenxzepam\\Desktop\\kurs\\app.py', reloading
2026-03-05 14:19:36,300 - werkzeug - WARNING -  * Debugger is active!
2026-03-05 14:19:36,302 - werkzeug - INFO -  * Debugger PIN: 129-248-925
2026-03-05 14:19:42,371 - werkzeug - INFO -  * Detected change in 'C:\\Users\\fenxzepam\\Desktop\\kurs\\app.py', reloading
2026-03-05 14:20:01,102 - werkzeug - WARNING -  * Debugger is active!
2026-03-05 14:20:01,104 - werkzeug - INFO -  * Debugger PIN: 129-248-925
2026-03-05 14:20:05,147 - werkzeug - INFO -  * Detected change in 'C:\\Users\\fenxzepam\\Desktop\\kurs\\app.py', reloading
2026-03-05 14:20:08,598 - werkzeug - WARNING -  * Debugger is active!
2026-03-05 14:20:08,600 - werkzeug - INFO -  * Debugger PIN: 129-248-925
2026-03-05 14:20:10,631 - werkzeug - INFO -  * Detected change in 'C:\\Users\\fenxzepam\\Desktop\\kurs\\app.py', reloading
2026-03-05 14:20:10,820 - werkzeug - WARNING -  * Debugger is active!
2026-03-05 14:20:10,821 - werkzeug - INFO -  * Debugger PIN: 129-248-925
2026-03-05 14:20:26,225 - app - INFO - Request: GET /users/0 from 127.0.0.1
2026-03-05 14:20:26,226 - app - INFO - Respose: 200 for GET /users/0 took 0.000s
2026-03-05 14:20:26,226 - werkzeug - INFO - 127.0.0.1 - - [05/Mar/2026 14:20:26] "GET /users/0 HTTP/1.1" 200 -
2026-03-05 14:24:20,547 - werkzeug - INFO - [31m[1mWARNING: This is a development server. Do not use it in a production deployment. Use a production WSGI server instead.[0m
 * Running on http://127.0.0.1:5000
2026-03-05 14:24:20,548 - werkzeug - INFO - [33mPress CTRL+C to quit[0m
2026-03-05 14:24:20,551 - werkzeug - INFO -  * Restarting with stat
2026-03-05 14:24:20,707 - werkzeug - WARNING -  * Debugger is active!
2026-03-05 14:24:20,709 - werkzeug - INFO -  * Debugger PIN: 129-248-925
2026-03-05 14:24:48,974 - werkzeug - INFO -  * Detected change in 'C:\\Users\\fenxzepam\\Desktop\\kurs\\app.py', reloading
2026-03-05 14:24:49,008 - werkzeug - INFO -  * Restarting with stat
2026-03-05 14:24:49,168 - werkzeug - WARNING -  * Debugger is active!
2026-03-05 14:24:49,170 - werkzeug - INFO -  * Debugger PIN: 129-248-925
2026-03-05 14:24:53,545 - werkzeug - INFO - [31m[1mWARNING: This is a development server. Do not use it in a production deployment. Use a production WSGI server instead.[0m
 * Running on http://127.0.0.1:5000
2026-03-05 14:24:53,547 - werkzeug - INFO - [33mPress CTRL+C to quit[0m
2026-03-05 14:24:53,549 - werkzeug - INFO -  * Restarting with stat
2026-03-05 14:24:53,707 - werkzeug - WARNING -  * Debugger is active!
2026-03-05 14:24:53,709 - werkzeug - INFO -  * Debugger PIN: 129-248-925
2026-03-05 14:31:11,846 - werkzeug - INFO - [31m[1mWARNING: This is a development server. Do not use it in a production deployment. Use a production WSGI server instead.[0m
 * Running on http://127.0.0.1:5000
2026-03-05 14:31:11,846 - werkzeug - INFO - [33mPress CTRL+C to quit[0m
2026-03-05 14:31:11,847 - werkzeug - INFO -  * Restarting with stat
2026-03-05 14:31:11,996 - werkzeug - WARNING -  * Debugger is active!
2026-03-05 14:31:11,998 - werkzeug - INFO -  * Debugger PIN: 129-248-925
2026-03-05 14:31:13,457 - app - INFO - Request: GET / from 127.0.0.1
2026-03-05 14:31:13,458 - app - INFO - Respose: 404 for GET / took 0.001s
2026-03-05 14:31:13,458 - werkzeug - INFO - 127.0.0.1 - - [05/Mar/2026 14:31:13] "[33mGET / HTTP/1.1[0m" 404 -
2026-03-05 14:31:28,117 - app - INFO - Request: GET /api from 127.0.0.1
2026-03-05 14:31:28,118 - app - INFO - Respose: 404 for GET /api took 0.001s
2026-03-05 14:31:28,118 - werkzeug - INFO - 127.0.0.1 - - [05/Mar/2026 14:31:28] "[33mGET /api HTTP/1.1[0m" 404 -
2026-03-05 14:31:33,266 - app - INFO - Request: GET /api/register from 127.0.0.1
2026-03-05 14:31:33,267 - app - INFO - Register endpoint called
2026-03-05 14:31:33,267 - app - ERROR - Unhandled exception during registration
Traceback (most recent call last):
  File "C:\Users\fenxzepam\Desktop\kurs\app.py", line 69, in register
    data = request.get_json()
  File "C:\Users\fenxzepam\Desktop\kurs\venv\Lib\site-packages\werkzeug\wrappers\request.py", line 604, in get_json
    return self.on_json_loading_failed(None)
           ~~~~~~~~~~~~~~~~~~~~~~~~~~~^^^^^^
  File "C:\Users\fenxzepam\Desktop\kurs\venv\Lib\site-packages\flask\wrappers.py", line 214, in on_json_loading_failed
    return super().on_json_loading_failed(e)
           ~~~~~~~~~~~~~~~~~~~~~~~~~~~~~~^^^
  File "C:\Users\fenxzepam\Desktop\kurs\venv\Lib\site-packages\werkzeug\wrappers\request.py", line 647, in on_json_loading_failed
    raise UnsupportedMediaType(
    ...<2 lines>...
    )
werkzeug.exceptions.UnsupportedMediaType: 415 Unsupported Media Type: Did not attempt to load JSON data because the request Content-Type was not 'application/json'.
2026-03-05 14:31:33,283 - werkzeug - INFO - 127.0.0.1 - - [05/Mar/2026 14:31:33] "[35m[1mGET /api/register HTTP/1.1[0m" 500 -
2026-03-05 14:31:33,379 - werkzeug - INFO - 127.0.0.1 - - [05/Mar/2026 14:31:33] "GET /api/register?__debugger__=yes&cmd=resource&f=debugger.js HTTP/1.1" 200 -
2026-03-05 14:31:33,379 - werkzeug - INFO - 127.0.0.1 - - [05/Mar/2026 14:31:33] "GET /api/register?__debugger__=yes&cmd=resource&f=style.css HTTP/1.1" 200 -
2026-03-05 14:31:33,417 - werkzeug - INFO - 127.0.0.1 - - [05/Mar/2026 14:31:33] "GET /api/register?__debugger__=yes&cmd=resource&f=console.png&s=pb5tLkPrIPzJDKsM03cT HTTP/1.1" 200 -
2026-03-05 14:31:33,427 - werkzeug - INFO - 127.0.0.1 - - [05/Mar/2026 14:31:33] "GET /api/register?__debugger__=yes&cmd=resource&f=console.png HTTP/1.1" 200 -
2026-03-05 14:39:48,629 - app - INFO - Request: GET /users/0 from 127.0.0.1
2026-03-05 14:39:48,629 - app - INFO - Respose: 200 for GET /users/0 took 0.001s
2026-03-05 14:39:48,630 - werkzeug - INFO - 127.0.0.1 - - [05/Mar/2026 14:39:48] "GET /users/0 HTTP/1.1" 200 -
2026-03-05 14:40:12,674 - app - INFO - Request: POST /api/register from 127.0.0.1
2026-03-05 14:40:12,675 - app - INFO - Register endpoint called
2026-03-05 14:40:12,675 - app - ERROR - Unhandled exception during registration
Traceback (most recent call last):
  File "C:\Users\fenxzepam\Desktop\kurs\app.py", line 69, in register
    data = request.get_json()
  File "C:\Users\fenxzepam\Desktop\kurs\venv\Lib\site-packages\werkzeug\wrappers\request.py", line 604, in get_json
    return self.on_json_loading_failed(None)
           ~~~~~~~~~~~~~~~~~~~~~~~~~~~^^^^^^
  File "C:\Users\fenxzepam\Desktop\kurs\venv\Lib\site-packages\flask\wrappers.py", line 214, in on_json_loading_failed
    return super().on_json_loading_failed(e)
           ~~~~~~~~~~~~~~~~~~~~~~~~~~~~~~^^^
  File "C:\Users\fenxzepam\Desktop\kurs\venv\Lib\site-packages\werkzeug\wrappers\request.py", line 647, in on_json_loading_failed
    raise UnsupportedMediaType(
    ...<2 lines>...
    )
werkzeug.exceptions.UnsupportedMediaType: 415 Unsupported Media Type: Did not attempt to load JSON data because the request Content-Type was not 'application/json'.
2026-03-05 14:40:12,683 - werkzeug - INFO - 127.0.0.1 - - [05/Mar/2026 14:40:12] "[35m[1mPOST /api/register HTTP/1.1[0m" 500 -
2026-03-05 14:43:08,851 - app - INFO - Request: POST /api/register from 127.0.0.1
2026-03-05 14:43:08,851 - app - INFO - Register endpoint called
2026-03-05 14:43:08,851 - app - WARNING - Short password for Email: tarik2046@mail.ru
2026-03-05 14:43:08,852 - app - INFO - Respose: 400 for POST /api/register took 0.001s
2026-03-05 14:43:08,852 - werkzeug - INFO - 127.0.0.1 - - [05/Mar/2026 14:43:08] "[31m[1mPOST /api/register HTTP/1.1[0m" 400 -
2026-03-05 14:44:46,525 - werkzeug - INFO -  * Detected change in 'C:\\Users\\fenxzepam\\Desktop\\kurs\\app.py', reloading
2026-03-05 14:44:46,588 - werkzeug - INFO -  * Restarting with stat
2026-03-05 14:44:46,783 - werkzeug - WARNING -  * Debugger is active!
2026-03-05 14:44:46,786 - werkzeug - INFO -  * Debugger PIN: 129-248-925
2026-03-05 14:44:49,939 - app - INFO - Request: POST /api/register from 127.0.0.1
2026-03-05 14:44:49,939 - app - INFO - Register endpoint called
2026-03-05 14:44:49,940 - app - ERROR - Unhandled exception during registration
Traceback (most recent call last):
  File "C:\Users\fenxzepam\Desktop\kurs\app.py", line 96, in register
    existing_user = next((u for u in users if u["email"] == email), None)
  File "C:\Users\fenxzepam\Desktop\kurs\app.py", line 96, in <genexpr>
    existing_user = next((u for u in users if u["email"] == email), None)
                                              ~^^^^^^^^^
KeyError: 'email'
2026-03-05 14:44:49,949 - werkzeug - INFO - 127.0.0.1 - - [05/Mar/2026 14:44:49] "[35m[1mPOST /api/register HTTP/1.1[0m" 500 -
2026-03-05 14:45:11,983 - werkzeug - INFO -  * Detected change in 'C:\\Users\\fenxzepam\\Desktop\\kurs\\app.py', reloading
2026-03-05 14:45:12,029 - werkzeug - INFO -  * Restarting with stat
2026-03-05 14:45:12,219 - werkzeug - WARNING -  * Debugger is active!
2026-03-05 14:45:12,221 - werkzeug - INFO -  * Debugger PIN: 129-248-925
2026-03-05 14:45:44,496 - werkzeug - INFO -  * Detected change in 'C:\\Users\\fenxzepam\\Desktop\\kurs\\app.py', reloading
2026-03-05 14:45:44,528 - werkzeug - INFO -  * Restarting with stat
2026-03-05 14:45:44,712 - werkzeug - WARNING -  * Debugger is active!
2026-03-05 14:45:44,714 - werkzeug - INFO -  * Debugger PIN: 129-248-925
2026-03-05 14:45:51,553 - app - INFO - Request: POST /api/register from 127.0.0.1
2026-03-05 14:45:51,553 - app - INFO - Register endpoint called
2026-03-05 14:45:51,554 - app - ERROR - Unhandled exception during registration
Traceback (most recent call last):
  File "C:\Users\fenxzepam\Desktop\kurs\app.py", line 96, in register
    existing_user = next((u for u in users if u["email"] == email), None)
  File "C:\Users\fenxzepam\Desktop\kurs\app.py", line 96, in <genexpr>
    existing_user = next((u for u in users if u["email"] == email), None)
                                              ~^^^^^^^^^
KeyError: 'email'
2026-03-05 14:45:51,563 - werkzeug - INFO - 127.0.0.1 - - [05/Mar/2026 14:45:51] "[35m[1mPOST /api/register HTTP/1.1[0m" 500 -
2026-03-05 14:47:01,551 - app - INFO - Request: GET /users/0 from 127.0.0.1
2026-03-05 14:47:01,551 - app - INFO - Respose: 200 for GET /users/0 took 0.000s
2026-03-05 14:47:01,552 - werkzeug - INFO - 127.0.0.1 - - [05/Mar/2026 14:47:01] "GET /users/0 HTTP/1.1" 200 -
2026-03-05 14:47:05,131 - app - INFO - Request: GET /users/4 from 127.0.0.1
2026-03-05 14:47:05,131 - app - INFO - Respose: 200 for GET /users/4 took 0.000s
2026-03-05 14:47:05,131 - werkzeug - INFO - 127.0.0.1 - - [05/Mar/2026 14:47:05] "GET /users/4 HTTP/1.1" 200 -
2026-03-05 14:47:08,889 - app - INFO - Request: GET /users/5 from 127.0.0.1
2026-03-05 14:47:08,893 - werkzeug - INFO - 127.0.0.1 - - [05/Mar/2026 14:47:08] "[35m[1mGET /users/5 HTTP/1.1[0m" 500 -
2026-03-05 14:47:12,588 - app - INFO - Request: GET /users/4 from 127.0.0.1
2026-03-05 14:47:12,589 - app - INFO - Respose: 200 for GET /users/4 took 0.000s
2026-03-05 14:47:12,589 - werkzeug - INFO - 127.0.0.1 - - [05/Mar/2026 14:47:12] "GET /users/4 HTTP/1.1" 200 -
2026-03-05 14:48:36,446 - werkzeug - INFO - [31m[1mWARNING: This is a development server. Do not use it in a production deployment. Use a production WSGI server instead.[0m
 * Running on http://127.0.0.1:5000
2026-03-05 14:48:36,447 - werkzeug - INFO - [33mPress CTRL+C to quit[0m
2026-03-05 14:48:36,448 - werkzeug - INFO -  * Restarting with stat
2026-03-05 14:48:36,607 - werkzeug - WARNING -  * Debugger is active!
2026-03-05 14:48:36,609 - werkzeug - INFO -  * Debugger PIN: 129-248-925
2026-03-05 14:48:46,265 - app - INFO - Request: GET /users from 127.0.0.1
2026-03-05 14:48:46,265 - app - INFO - Respose: 200 for GET /users took 0.000s
2026-03-05 14:48:46,265 - werkzeug - INFO - 127.0.0.1 - - [05/Mar/2026 14:48:46] "GET /users HTTP/1.1" 200 -
2026-03-05 14:49:02,393 - app - INFO - Request: POST /api/register from 127.0.0.1
2026-03-05 14:49:02,393 - app - INFO - Register endpoint called
2026-03-05 14:49:02,394 - app - ERROR - Unhandled exception during registration
Traceback (most recent call last):
  File "C:\Users\fenxzepam\Desktop\kurs\app.py", line 96, in register
    existing_user = next((u for u in users if u["email"] == email), None)
  File "C:\Users\fenxzepam\Desktop\kurs\app.py", line 96, in <genexpr>
    existing_user = next((u for u in users if u["email"] == email), None)
                                              ~^^^^^^^^^
KeyError: 'email'
2026-03-05 14:49:02,402 - werkzeug - INFO - 127.0.0.1 - - [05/Mar/2026 14:49:02] "[35m[1mPOST /api/register HTTP/1.1[0m" 500 -
2026-03-05 14:49:52,251 - werkzeug - INFO -  * Detected change in 'C:\\Users\\fenxzepam\\Desktop\\kurs\\app.py', reloading
2026-03-05 14:49:52,294 - werkzeug - INFO -  * Restarting with stat
2026-03-05 14:49:52,466 - werkzeug - WARNING -  * Debugger is active!
2026-03-05 14:49:52,468 - werkzeug - INFO -  * Debugger PIN: 129-248-925
2026-03-05 14:49:54,501 - werkzeug - INFO -  * Detected change in 'C:\\Users\\fenxzepam\\Desktop\\kurs\\app.py', reloading
2026-03-05 14:49:54,544 - werkzeug - INFO -  * Restarting with stat
2026-03-05 14:49:55,758 - werkzeug - INFO -  * Restarting with stat
2026-03-05 14:49:56,967 - werkzeug - INFO -  * Restarting with stat
2026-03-05 14:50:02,236 - werkzeug - INFO -  * Restarting with stat
2026-03-05 14:50:04,457 - werkzeug - INFO -  * Restarting with stat
2026-03-05 14:50:04,648 - werkzeug - WARNING -  * Debugger is active!
2026-03-05 14:50:04,650 - werkzeug - INFO -  * Debugger PIN: 129-248-925
2026-03-05 14:50:05,671 - werkzeug - INFO -  * Detected change in 'C:\\Users\\fenxzepam\\Desktop\\kurs\\app.py', reloading
2026-03-05 14:50:05,701 - werkzeug - INFO -  * Restarting with stat
2026-03-05 14:50:05,867 - werkzeug - WARNING -  * Debugger is active!
2026-03-05 14:50:05,869 - werkzeug - INFO -  * Debugger PIN: 129-248-925
2026-03-05 14:50:08,908 - werkzeug - INFO -  * Detected change in 'C:\\Users\\fenxzepam\\Desktop\\kurs\\app.py', reloading
2026-03-05 14:50:08,954 - werkzeug - INFO -  * Restarting with stat
2026-03-05 14:50:09,122 - werkzeug - WARNING -  * Debugger is active!
2026-03-05 14:50:09,124 - werkzeug - INFO -  * Debugger PIN: 129-248-925
2026-03-05 14:50:12,169 - werkzeug - INFO -  * Detected change in 'C:\\Users\\fenxzepam\\Desktop\\kurs\\app.py', reloading
2026-03-05 14:50:12,211 - werkzeug - INFO -  * Restarting with stat
2026-03-05 14:50:12,391 - werkzeug - WARNING -  * Debugger is active!
2026-03-05 14:50:12,393 - werkzeug - INFO -  * Debugger PIN: 129-248-925
2026-03-05 14:50:13,412 - werkzeug - INFO -  * Detected change in 'C:\\Users\\fenxzepam\\Desktop\\kurs\\app.py', reloading
2026-03-05 14:50:13,463 - werkzeug - INFO -  * Restarting with stat
2026-03-05 14:50:13,623 - werkzeug - WARNING -  * Debugger is active!
2026-03-05 14:50:13,625 - werkzeug - INFO -  * Debugger PIN: 129-248-925
2026-03-05 14:50:24,749 - werkzeug - INFO -  * Detected change in 'C:\\Users\\fenxzepam\\Desktop\\kurs\\app.py', reloading
2026-03-05 14:50:24,799 - werkzeug - INFO -  * Restarting with stat
2026-03-05 14:50:24,960 - werkzeug - WARNING -  * Debugger is active!
2026-03-05 14:50:24,962 - werkzeug - INFO -  * Debugger PIN: 129-248-925
2026-03-05 14:50:27,997 - werkzeug - INFO -  * Detected change in 'C:\\Users\\fenxzepam\\Desktop\\kurs\\app.py', reloading
2026-03-05 14:50:28,041 - werkzeug - INFO -  * Restarting with stat
2026-03-05 14:50:28,210 - werkzeug - WARNING -  * Debugger is active!
2026-03-05 14:50:28,212 - werkzeug - INFO -  * Debugger PIN: 129-248-925
2026-03-05 14:50:30,243 - werkzeug - INFO -  * Detected change in 'C:\\Users\\fenxzepam\\Desktop\\kurs\\app.py', reloading
2026-03-05 14:50:30,279 - werkzeug - INFO -  * Restarting with stat
2026-03-05 14:50:30,457 - werkzeug - WARNING -  * Debugger is active!
2026-03-05 14:50:30,459 - werkzeug - INFO -  * Debugger PIN: 129-248-925
2026-03-05 14:50:31,478 - werkzeug - INFO -  * Detected change in 'C:\\Users\\fenxzepam\\Desktop\\kurs\\app.py', reloading
2026-03-05 14:50:31,509 - werkzeug - INFO -  * Restarting with stat
2026-03-05 14:50:31,696 - werkzeug - WARNING -  * Debugger is active!
2026-03-05 14:50:31,698 - werkzeug - INFO -  * Debugger PIN: 129-248-925
2026-03-05 14:50:37,794 - werkzeug - INFO -  * Detected change in 'C:\\Users\\fenxzepam\\Desktop\\kurs\\app.py', reloading
2026-03-05 14:50:37,840 - werkzeug - INFO -  * Restarting with stat
2026-03-05 14:50:38,000 - werkzeug - WARNING -  * Debugger is active!
2026-03-05 14:50:38,002 - werkzeug - INFO -  * Debugger PIN: 129-248-925
2026-03-05 14:50:42,041 - werkzeug - INFO -  * Detected change in 'C:\\Users\\fenxzepam\\Desktop\\kurs\\app.py', reloading
2026-03-05 14:50:42,090 - werkzeug - INFO -  * Restarting with stat
2026-03-05 14:50:42,267 - werkzeug - WARNING -  * Debugger is active!
2026-03-05 14:50:42,269 - werkzeug - INFO -  * Debugger PIN: 129-248-925
2026-03-05 14:50:47,331 - werkzeug - INFO -  * Detected change in 'C:\\Users\\fenxzepam\\Desktop\\kurs\\app.py', reloading
2026-03-05 14:50:47,380 - werkzeug - INFO -  * Restarting with stat
2026-03-05 14:50:47,560 - werkzeug - WARNING -  * Debugger is active!
2026-03-05 14:50:47,562 - werkzeug - INFO -  * Debugger PIN: 129-248-925
2026-03-05 14:50:48,586 - werkzeug - INFO -  * Detected change in 'C:\\Users\\fenxzepam\\Desktop\\kurs\\app.py', reloading
2026-03-05 14:50:48,616 - werkzeug - INFO -  * Restarting with stat
2026-03-05 14:50:48,786 - werkzeug - WARNING -  * Debugger is active!
2026-03-05 14:50:48,788 - werkzeug - INFO -  * Debugger PIN: 129-248-925
2026-03-05 14:50:52,847 - werkzeug - INFO -  * Detected change in 'C:\\Users\\fenxzepam\\Desktop\\kurs\\app.py', reloading
2026-03-05 14:50:52,886 - werkzeug - INFO -  * Restarting with stat
2026-03-05 14:50:53,043 - werkzeug - WARNING -  * Debugger is active!
2026-03-05 14:50:53,044 - werkzeug - INFO -  * Debugger PIN: 129-248-925
2026-03-05 14:50:59,112 - werkzeug - INFO -  * Detected change in 'C:\\Users\\fenxzepam\\Desktop\\kurs\\app.py', reloading
2026-03-05 14:50:59,164 - werkzeug - INFO -  * Restarting with stat
2026-03-05 14:50:59,330 - werkzeug - WARNING -  * Debugger is active!
2026-03-05 14:50:59,332 - werkzeug - INFO -  * Debugger PIN: 129-248-925
2026-03-05 14:51:17,362 - app - INFO - Request: POST /api/register from 127.0.0.1
2026-03-05 14:51:17,362 - app - INFO - Register endpoint called
2026-03-05 14:51:17,612 - app - INFO - hashing password sucssesfull
2026-03-05 14:51:17,613 - app - INFO - create new user sucssesfull: id: 6, email: tarik2046@mail.ru, date: 2026-03-05 14:51:17.612964
2026-03-05 14:51:17,613 - app - INFO - Respose: 201 for POST /api/register took 0.251s
2026-03-05 14:51:17,614 - werkzeug - INFO - 127.0.0.1 - - [05/Mar/2026 14:51:17] "[35m[1mPOST /api/register HTTP/1.1[0m" 201 -
2026-03-05 14:51:30,927 - app - INFO - Request: GET /users from 127.0.0.1
2026-03-05 14:51:30,928 - app - INFO - Respose: 200 for GET /users took 0.000s
2026-03-05 14:51:30,928 - werkzeug - INFO - 127.0.0.1 - - [05/Mar/2026 14:51:30] "GET /users HTTP/1.1" 200 -
2026-03-05 14:53:09,222 - werkzeug - INFO -  * Detected change in 'C:\\Users\\fenxzepam\\Desktop\\kurs\\app.py', reloading
2026-03-05 14:53:09,279 - werkzeug - INFO -  * Restarting with stat
2026-03-05 14:53:09,445 - werkzeug - WARNING -  * Debugger is active!
2026-03-05 14:53:09,447 - werkzeug - INFO -  * Debugger PIN: 129-248-925
2026-03-05 14:53:11,474 - werkzeug - INFO -  * Detected change in 'C:\\Users\\fenxzepam\\Desktop\\kurs\\app.py', reloading
2026-03-05 14:53:11,503 - werkzeug - INFO -  * Restarting with stat
2026-03-05 14:53:11,665 - werkzeug - WARNING -  * Debugger is active!
2026-03-05 14:53:11,667 - werkzeug - INFO -  * Debugger PIN: 129-248-925
2026-03-05 14:53:16,733 - werkzeug - INFO -  * Detected change in 'C:\\Users\\fenxzepam\\Desktop\\kurs\\app.py', reloading
2026-03-05 14:53:16,764 - werkzeug - INFO -  * Restarting with stat
2026-03-05 14:53:16,934 - werkzeug - WARNING -  * Debugger is active!
2026-03-05 14:53:16,936 - werkzeug - INFO -  * Debugger PIN: 129-248-925
2026-03-05 14:53:25,032 - werkzeug - INFO -  * Detected change in 'C:\\Users\\fenxzepam\\Desktop\\kurs\\app.py', reloading
2026-03-05 14:53:25,071 - werkzeug - INFO -  * Restarting with stat
2026-03-05 14:53:25,252 - werkzeug - WARNING -  * Debugger is active!
2026-03-05 14:53:25,254 - werkzeug - INFO -  * Debugger PIN: 129-248-925
2026-03-05 14:53:34,354 - werkzeug - INFO -  * Detected change in 'C:\\Users\\fenxzepam\\Desktop\\kurs\\app.py', reloading
2026-03-05 14:53:34,399 - werkzeug - INFO -  * Restarting with stat
2026-03-05 14:53:34,587 - werkzeug - WARNING -  * Debugger is active!
2026-03-05 14:53:34,589 - werkzeug - INFO -  * Debugger PIN: 129-248-925
2026-03-05 14:53:39,648 - werkzeug - INFO -  * Detected change in 'C:\\Users\\fenxzepam\\Desktop\\kurs\\app.py', reloading
2026-03-05 14:53:39,692 - werkzeug - INFO -  * Restarting with stat
2026-03-05 14:53:39,879 - werkzeug - WARNING -  * Debugger is active!
2026-03-05 14:53:39,882 - werkzeug - INFO -  * Debugger PIN: 129-248-925
2026-03-05 14:53:46,952 - werkzeug - INFO -  * Detected change in 'C:\\Users\\fenxzepam\\Desktop\\kurs\\app.py', reloading
2026-03-05 14:53:46,979 - werkzeug - INFO -  * Restarting with stat
2026-03-05 14:53:47,142 - werkzeug - WARNING -  * Debugger is active!
2026-03-05 14:53:47,144 - werkzeug - INFO -  * Debugger PIN: 129-248-925
2026-03-05 14:53:51,190 - werkzeug - INFO -  * Detected change in 'C:\\Users\\fenxzepam\\Desktop\\kurs\\app.py', reloading
2026-03-05 14:53:51,243 - werkzeug - INFO -  * Restarting with stat
2026-03-05 14:53:51,407 - werkzeug - WARNING -  * Debugger is active!
2026-03-05 14:53:51,409 - werkzeug - INFO -  * Debugger PIN: 129-248-925
2026-03-05 14:53:54,452 - werkzeug - INFO -  * Detected change in 'C:\\Users\\fenxzepam\\Desktop\\kurs\\app.py', reloading
2026-03-05 14:53:54,482 - werkzeug - INFO -  * Restarting with stat
2026-03-05 14:53:54,643 - werkzeug - WARNING -  * Debugger is active!
2026-03-05 14:53:54,645 - werkzeug - INFO -  * Debugger PIN: 129-248-925
2026-03-05 14:54:02,744 - werkzeug - INFO -  * Detected change in 'C:\\Users\\fenxzepam\\Desktop\\kurs\\app.py', reloading
2026-03-05 14:54:02,785 - werkzeug - INFO -  * Restarting with stat
2026-03-05 14:54:02,946 - werkzeug - WARNING -  * Debugger is active!
2026-03-05 14:54:02,948 - werkzeug - INFO -  * Debugger PIN: 129-248-925
2026-03-05 14:54:05,997 - werkzeug - INFO -  * Detected change in 'C:\\Users\\fenxzepam\\Desktop\\kurs\\app.py', reloading
2026-03-05 14:54:06,040 - werkzeug - INFO -  * Restarting with stat
2026-03-05 14:54:06,210 - werkzeug - WARNING -  * Debugger is active!
2026-03-05 14:54:06,212 - werkzeug - INFO -  * Debugger PIN: 129-248-925
2026-03-05 14:54:28,462 - werkzeug - INFO -  * Detected change in 'C:\\Users\\fenxzepam\\Desktop\\kurs\\app.py', reloading
2026-03-05 14:54:28,513 - werkzeug - INFO -  * Restarting with stat
2026-03-05 14:54:28,681 - werkzeug - WARNING -  * Debugger is active!
2026-03-05 14:54:28,683 - werkzeug - INFO -  * Debugger PIN: 129-248-925
2026-03-05 14:55:20,662 - app - INFO - Request: POST /api/register from 127.0.0.1
2026-03-05 14:55:20,662 - app - INFO - Register endpoint called
2026-03-05 14:55:20,913 - app - INFO - hashing password sucssesfull
2026-03-05 14:55:20,913 - app - INFO - create new user sucssesfull: id: 6, email: tarik@mail.ru, date: 2026-03-05 14:55:20.913261
2026-03-05 14:55:20,913 - app - INFO - Respose: 201 for POST /api/register took 0.251s
2026-03-05 14:55:20,914 - werkzeug - INFO - 127.0.0.1 - - [05/Mar/2026 14:55:20] "[35m[1mPOST /api/register HTTP/1.1[0m" 201 -
2026-03-05 14:55:27,544 - app - INFO - Request: GET /users from 127.0.0.1
2026-03-05 14:55:27,544 - app - INFO - Respose: 200 for GET /users took 0.000s
2026-03-05 14:55:27,544 - werkzeug - INFO - 127.0.0.1 - - [05/Mar/2026 14:55:27] "GET /users HTTP/1.1" 200 -
2026-03-05 14:56:24,385 - app - INFO - Request: POST /api/register from 127.0.0.1
2026-03-05 14:56:24,385 - app - INFO - Register endpoint called
2026-03-05 14:56:24,636 - app - INFO - hashing password sucssesfull
2026-03-05 14:56:24,636 - app - INFO - create new user sucssesfull: id: 7, email: tatvol@mail.ru, date: 2026-03-05 14:56:24.636562
2026-03-05 14:56:24,636 - app - INFO - Respose: 201 for POST /api/register took 0.251s
2026-03-05 14:56:24,637 - werkzeug - INFO - 127.0.0.1 - - [05/Mar/2026 14:56:24] "[35m[1mPOST /api/register HTTP/1.1[0m" 201 -
2026-03-05 14:56:31,678 - app - INFO - Request: GET /users from 127.0.0.1
2026-03-05 14:56:31,678 - app - INFO - Respose: 200 for GET /users took 0.000s
2026-03-05 14:56:31,678 - werkzeug - INFO - 127.0.0.1 - - [05/Mar/2026 14:56:31] "GET /users HTTP/1.1" 200 -
2026-03-05 14:57:44,814 - werkzeug - INFO -  * Detected change in 'C:\\Users\\fenxzepam\\Desktop\\kurs\\app.py', reloading
2026-03-05 14:57:44,868 - werkzeug - INFO -  * Restarting with stat
2026-03-05 14:57:45,040 - werkzeug - WARNING -  * Debugger is active!
2026-03-05 14:57:45,042 - werkzeug - INFO -  * Debugger PIN: 129-248-925
2026-03-05 14:57:48,077 - werkzeug - INFO -  * Detected change in 'C:\\Users\\fenxzepam\\Desktop\\kurs\\app.py', reloading
2026-03-05 14:57:48,125 - werkzeug - INFO -  * Restarting with stat
2026-03-05 14:57:49,339 - werkzeug - INFO -  * Restarting with stat
2026-03-05 14:57:49,513 - werkzeug - WARNING -  * Debugger is active!
2026-03-05 14:57:49,516 - werkzeug - INFO -  * Debugger PIN: 129-248-925
2026-03-05 14:57:53,558 - werkzeug - INFO -  * Detected change in 'C:\\Users\\fenxzepam\\Desktop\\kurs\\app.py', reloading
2026-03-05 14:57:53,598 - werkzeug - INFO -  * Restarting with stat
2026-03-05 14:57:53,767 - werkzeug - WARNING -  * Debugger is active!
2026-03-05 14:57:53,768 - werkzeug - INFO -  * Debugger PIN: 129-248-925
2026-03-05 14:58:03,898 - werkzeug - INFO -  * Detected change in 'C:\\Users\\fenxzepam\\Desktop\\kurs\\app.py', reloading
2026-03-05 14:58:03,934 - werkzeug - INFO -  * Restarting with stat
2026-03-05 14:58:04,108 - werkzeug - WARNING -  * Debugger is active!
2026-03-05 14:58:04,110 - werkzeug - INFO -  * Debugger PIN: 129-248-925
2026-03-05 14:58:05,129 - werkzeug - INFO -  * Detected change in 'C:\\Users\\fenxzepam\\Desktop\\kurs\\app.py', reloading
2026-03-05 14:58:05,160 - werkzeug - INFO -  * Restarting with stat
2026-03-05 14:58:05,323 - werkzeug - WARNING -  * Debugger is active!
2026-03-05 14:58:05,326 - werkzeug - INFO -  * Debugger PIN: 129-248-925
2026-03-05 14:58:12,403 - werkzeug - INFO -  * Detected change in 'C:\\Users\\fenxzepam\\Desktop\\kurs\\app.py', reloading
2026-03-05 14:58:12,433 - werkzeug - INFO -  * Restarting with stat
2026-03-05 14:58:13,664 - werkzeug - INFO -  * Restarting with stat
2026-03-05 14:58:13,848 - werkzeug - WARNING -  * Debugger is active!
2026-03-05 14:58:13,850 - werkzeug - INFO -  * Debugger PIN: 129-248-925
2026-03-05 14:58:20,925 - werkzeug - INFO -  * Detected change in 'C:\\Users\\fenxzepam\\Desktop\\kurs\\app.py', reloading
2026-03-05 14:58:20,968 - werkzeug - INFO -  * Restarting with stat
2026-03-05 14:58:21,148 - werkzeug - WARNING -  * Debugger is active!
2026-03-05 14:58:21,150 - werkzeug - INFO -  * Debugger PIN: 129-248-925
2026-03-05 14:58:36,318 - werkzeug - INFO -  * Detected change in 'C:\\Users\\fenxzepam\\Desktop\\kurs\\app.py', reloading
2026-03-05 14:58:36,345 - werkzeug - INFO -  * Restarting with stat
2026-03-05 14:58:36,506 - werkzeug - WARNING -  * Debugger is active!
2026-03-05 14:58:36,508 - werkzeug - INFO -  * Debugger PIN: 129-248-925
2026-03-05 14:58:43,601 - werkzeug - INFO -  * Detected change in 'C:\\Users\\fenxzepam\\Desktop\\kurs\\app.py', reloading
2026-03-05 14:58:43,651 - werkzeug - INFO -  * Restarting with stat
2026-03-05 14:58:46,878 - werkzeug - INFO -  * Restarting with stat
2026-03-05 14:58:47,045 - werkzeug - WARNING -  * Debugger is active!
2026-03-05 14:58:47,047 - werkzeug - INFO -  * Debugger PIN: 129-248-925
2026-03-05 14:58:50,100 - werkzeug - INFO -  * Detected change in 'C:\\Users\\fenxzepam\\Desktop\\kurs\\app.py', reloading
2026-03-05 14:58:50,131 - werkzeug - INFO -  * Restarting with stat
2026-03-05 14:58:54,404 - werkzeug - INFO -  * Restarting with stat
2026-03-05 14:58:55,662 - werkzeug - INFO -  * Restarting with stat
2026-03-05 14:58:57,912 - werkzeug - INFO -  * Restarting with stat
2026-03-05 14:59:10,269 - werkzeug - INFO -  * Restarting with stat
2026-03-05 14:59:10,449 - werkzeug - WARNING -  * Debugger is active!
2026-03-05 14:59:10,451 - werkzeug - INFO -  * Debugger PIN: 129-248-925
2026-03-05 14:59:16,285 - app - INFO - Request: GET /users from 127.0.0.1
2026-03-05 14:59:16,285 - app - INFO - Respose: 200 for GET /users took 0.000s
2026-03-05 14:59:16,286 - werkzeug - INFO - 127.0.0.1 - - [05/Mar/2026 14:59:16] "GET /users HTTP/1.1" 200 -
2026-03-05 14:59:28,283 - app - INFO - Request: POST /api/register from 127.0.0.1
2026-03-05 14:59:28,283 - app - INFO - Register endpoint called
2026-03-05 14:59:28,532 - app - INFO - hashing password sucssesfull
2026-03-05 14:59:28,532 - app - INFO - create new user sucssesfull: id: 5, email: tatvol@mail.ru, date: 2026-03-05 14:59:28.532486
2026-03-05 14:59:28,532 - app - INFO - Respose: 201 for POST /api/register took 0.250s
2026-03-05 14:59:28,533 - werkzeug - INFO - 127.0.0.1 - - [05/Mar/2026 14:59:28] "[35m[1mPOST /api/register HTTP/1.1[0m" 201 -
2026-03-05 15:02:10,239 - app - INFO - Request: POST /api/register from 127.0.0.1
2026-03-05 15:02:10,239 - app - INFO - Register endpoint called
2026-03-05 15:02:10,239 - app - WARNING - Exist Email: tatvol@mail.ru
2026-03-05 15:02:10,240 - app - INFO - Respose: 200 for POST /api/register took 0.001s
2026-03-05 15:02:10,240 - werkzeug - INFO - 127.0.0.1 - - [05/Mar/2026 15:02:10] "POST /api/register HTTP/1.1" 200 -
2026-03-05 15:02:40,206 - app - INFO - Request: POST /api/register from 127.0.0.1
2026-03-05 15:02:40,206 - app - INFO - Register endpoint called
2026-03-05 15:02:40,455 - app - INFO - hashing password sucssesfull
2026-03-05 15:02:40,455 - app - INFO - create new user sucssesfull: id: 6, email: ffdf@mail.ru, date: 2026-03-05 15:02:40.455466
2026-03-05 15:02:40,455 - app - INFO - Respose: 201 for POST /api/register took 0.250s
2026-03-05 15:02:40,456 - werkzeug - INFO - 127.0.0.1 - - [05/Mar/2026 15:02:40] "[35m[1mPOST /api/register HTTP/1.1[0m" 201 -
2026-03-05 15:02:53,718 - app - INFO - Request: GET /users from 127.0.0.1
2026-03-05 15:02:53,719 - app - INFO - Respose: 200 for GET /users took 0.000s
2026-03-05 15:02:53,719 - werkzeug - INFO - 127.0.0.1 - - [05/Mar/2026 15:02:53] "GET /users HTTP/1.1" 200 -
2026-03-05 15:04:54,753 - werkzeug - INFO -  * Detected change in 'C:\\Users\\fenxzepam\\Desktop\\kurs\\app.py', reloading
2026-03-05 15:04:54,809 - werkzeug - INFO -  * Restarting with stat
2026-03-05 15:04:55,005 - werkzeug - WARNING -  * Debugger is active!
2026-03-05 15:04:55,008 - werkzeug - INFO -  * Debugger PIN: 129-248-925
2026-03-05 15:10:12,288 - werkzeug - INFO -  * Detected change in 'C:\\Users\\fenxzepam\\Desktop\\kurs\\app.py', reloading
2026-03-05 15:10:12,345 - werkzeug - INFO -  * Restarting with stat
2026-03-05 15:10:12,519 - werkzeug - WARNING -  * Debugger is active!
2026-03-05 15:10:12,521 - werkzeug - INFO -  * Debugger PIN: 129-248-925
2026-03-05 15:10:12,534 - werkzeug - INFO -  * Detected change in 'C:\\Users\\fenxzepam\\Desktop\\kurs\\app.py', reloading
2026-03-05 15:10:12,579 - werkzeug - INFO -  * Restarting with stat
2026-03-05 15:10:12,757 - werkzeug - WARNING -  * Debugger is active!
2026-03-05 15:10:12,759 - werkzeug - INFO -  * Debugger PIN: 129-248-925
2026-03-05 15:11:00,198 - werkzeug - INFO -  * Detected change in 'C:\\Users\\fenxzepam\\Desktop\\kurs\\app.py', reloading
